mode: set
github.com/Gen-Do/lib-obersvability/middleware.go:13.74,14.46 1 0
github.com/Gen-Do/lib-obersvability/middleware.go:14.46,19.16 2 0
github.com/Gen-Do/lib-obersvability/middleware.go:19.16,21.4 1 0
github.com/Gen-Do/lib-obersvability/middleware.go:24.3,32.17 4 0
github.com/Gen-Do/lib-obersvability/middleware.go:38.77,51.15 5 0
github.com/Gen-Do/lib-obersvability/middleware.go:51.15,53.3 1 0
github.com/Gen-Do/lib-obersvability/middleware.go:55.2,55.20 1 0
github.com/Gen-Do/lib-obersvability/middleware.go:59.77,61.2 1 0
github.com/Gen-Do/lib-obersvability/middleware.go:64.77,66.2 1 0
github.com/Gen-Do/lib-obersvability/middleware.go:69.77,71.2 1 0
github.com/Gen-Do/lib-obersvability/middleware.go:74.78,76.2 1 0
github.com/Gen-Do/lib-obersvability/middleware.go:79.55,81.2 1 0
github.com/Gen-Do/lib-obersvability/middleware.go:84.54,85.71 1 0
github.com/Gen-Do/lib-obersvability/middleware.go:85.71,89.3 3 0
github.com/Gen-Do/lib-obersvability/middleware.go:99.64,103.2 3 0
github.com/Gen-Do/lib-obersvability/middleware.go:113.54,119.2 2 0
github.com/Gen-Do/lib-obersvability/observability.go:22.55,34.38 6 0
github.com/Gen-Do/lib-obersvability/observability.go:34.38,37.3 2 0
github.com/Gen-Do/lib-obersvability/observability.go:38.2,42.17 4 0
github.com/Gen-Do/lib-obersvability/observability.go:47.50,49.16 2 0
github.com/Gen-Do/lib-obersvability/observability.go:49.16,50.68 1 0
github.com/Gen-Do/lib-obersvability/observability.go:52.2,52.12 1 0
github.com/Gen-Do/lib-obersvability/observability.go:56.51,58.2 1 0
github.com/Gen-Do/lib-obersvability/observability.go:61.55,63.2 1 0
github.com/Gen-Do/lib-obersvability/observability.go:66.49,68.2 1 0
github.com/Gen-Do/lib-obersvability/observability.go:71.61,75.15 2 0
github.com/Gen-Do/lib-obersvability/observability.go:75.15,76.47 1 0
github.com/Gen-Do/lib-obersvability/observability.go:76.47,79.4 2 0
github.com/Gen-Do/lib-obersvability/observability.go:80.3,80.51 1 0
github.com/Gen-Do/lib-obersvability/observability.go:83.2,84.12 2 0
github.com/Gen-Do/lib-obersvability/observability.go:88.48,90.2 1 0
github.com/Gen-Do/lib-obersvability/observability.go:93.52,95.2 1 0
github.com/Gen-Do/lib-obersvability/internal/http/response_writer.go:14.63,19.2 1 0
github.com/Gen-Do/lib-obersvability/internal/http/response_writer.go:22.55,25.2 2 0
github.com/Gen-Do/lib-obersvability/internal/http/response_writer.go:28.56,32.2 3 0
github.com/Gen-Do/lib-obersvability/internal/http/response_writer.go:35.40,37.2 1 0
github.com/Gen-Do/lib-obersvability/internal/http/response_writer.go:40.46,42.2 1 0
github.com/Gen-Do/lib-obersvability/env/env.go:35.21,38.36 2 0
github.com/Gen-Do/lib-obersvability/env/env.go:38.36,40.13 2 0
github.com/Gen-Do/lib-obersvability/env/env.go:40.13,43.4 1 0
github.com/Gen-Do/lib-obersvability/env/env.go:43.9,46.4 1 0
github.com/Gen-Do/lib-obersvability/env/env.go:49.3,49.10 1 0
github.com/Gen-Do/lib-obersvability/env/env.go:55.57,57.17 2 1
github.com/Gen-Do/lib-obersvability/env/env.go:57.17,59.3 1 1
github.com/Gen-Do/lib-obersvability/env/env.go:61.2,64.34 3 1
github.com/Gen-Do/lib-obersvability/env/env.go:65.14,66.17 1 1
github.com/Gen-Do/lib-obersvability/env/env.go:67.12,68.33 1 1
github.com/Gen-Do/lib-obersvability/env/env.go:69.33,70.17 1 1
github.com/Gen-Do/lib-obersvability/env/env.go:71.34,72.18 1 1
github.com/Gen-Do/lib-obersvability/env/env.go:73.11,74.23 1 1
github.com/Gen-Do/lib-obersvability/env/env.go:76.11,77.36 1 1
github.com/Gen-Do/lib-obersvability/env/env.go:78.13,79.48 1 0
github.com/Gen-Do/lib-obersvability/env/env.go:80.15,81.46 1 1
github.com/Gen-Do/lib-obersvability/env/env.go:82.10,83.22 1 0
github.com/Gen-Do/lib-obersvability/env/env.go:86.2,86.16 1 1
github.com/Gen-Do/lib-obersvability/env/env.go:86.16,88.3 1 1
github.com/Gen-Do/lib-obersvability/env/env.go:90.2,90.19 1 1
github.com/Gen-Do/lib-obersvability/env/env.go:95.49,97.2 1 1
github.com/Gen-Do/lib-obersvability/env/env.go:102.50,104.2 1 1
github.com/Gen-Do/lib-obersvability/env/env.go:108.47,110.2 1 1
github.com/Gen-Do/lib-obersvability/env/env.go:114.53,116.2 1 0
github.com/Gen-Do/lib-obersvability/env/env.go:120.59,122.2 1 1
github.com/Gen-Do/lib-obersvability/env/env.go:126.72,128.17 2 1
github.com/Gen-Do/lib-obersvability/env/env.go:128.17,130.3 1 0
github.com/Gen-Do/lib-obersvability/env/env.go:132.2,132.58 1 1
github.com/Gen-Do/lib-obersvability/env/env.go:132.58,134.3 1 1
github.com/Gen-Do/lib-obersvability/env/env.go:135.2,135.21 1 1
github.com/Gen-Do/lib-obersvability/env/env.go:139.30,141.2 1 1
github.com/Gen-Do/lib-obersvability/env/env.go:145.33,147.2 1 1
github.com/Gen-Do/lib-obersvability/env/env.go:151.27,153.43 2 1
github.com/Gen-Do/lib-obersvability/env/env.go:154.15,155.17 1 1
github.com/Gen-Do/lib-obersvability/env/env.go:156.18,157.20 1 1
github.com/Gen-Do/lib-obersvability/env/env.go:158.16,159.18 1 1
github.com/Gen-Do/lib-obersvability/env/env.go:160.10,161.18 1 1
github.com/Gen-Do/lib-obersvability/logger/logger.go:55.38,61.16 4 1
github.com/Gen-Do/lib-obersvability/logger/logger.go:61.16,63.3 1 0
github.com/Gen-Do/lib-obersvability/logger/logger.go:64.2,68.36 3 1
github.com/Gen-Do/lib-obersvability/logger/logger.go:69.14,70.47 1 1
github.com/Gen-Do/lib-obersvability/logger/logger.go:71.14,72.47 1 0
github.com/Gen-Do/lib-obersvability/logger/logger.go:73.10,74.47 1 0
github.com/Gen-Do/lib-obersvability/logger/logger.go:77.2,77.39 1 1
github.com/Gen-Do/lib-obersvability/logger/logger.go:81.103,83.19 2 1
github.com/Gen-Do/lib-obersvability/logger/logger.go:83.19,85.3 1 1
github.com/Gen-Do/lib-obersvability/logger/logger.go:86.2,87.57 2 1
github.com/Gen-Do/lib-obersvability/logger/logger.go:91.91,93.19 2 1
github.com/Gen-Do/lib-obersvability/logger/logger.go:93.19,95.3 1 1
github.com/Gen-Do/lib-obersvability/logger/logger.go:96.2,96.30 1 1
github.com/Gen-Do/lib-obersvability/logger/logger.go:96.30,98.3 1 1
github.com/Gen-Do/lib-obersvability/logger/logger.go:99.2,99.57 1 1
github.com/Gen-Do/lib-obersvability/logger/logger.go:103.83,105.2 1 1
github.com/Gen-Do/lib-obersvability/logger/logger.go:108.74,109.60 1 1
github.com/Gen-Do/lib-obersvability/logger/logger.go:109.60,111.3 1 1
github.com/Gen-Do/lib-obersvability/logger/logger.go:112.2,112.12 1 1
github.com/Gen-Do/lib-obersvability/logger/logger.go:116.75,124.58 2 1
github.com/Gen-Do/lib-obersvability/logger/logger.go:124.58,125.28 1 1
github.com/Gen-Do/lib-obersvability/logger/logger.go:125.28,127.4 1 1
github.com/Gen-Do/lib-obersvability/logger/logger.go:130.2,130.14 1 1
github.com/Gen-Do/lib-obersvability/logger/logger.go:134.73,136.2 1 1
github.com/Gen-Do/lib-obersvability/logger/logger.go:139.72,141.2 1 1
github.com/Gen-Do/lib-obersvability/logger/logger.go:144.73,146.2 1 1
github.com/Gen-Do/lib-obersvability/logger/logger.go:149.72,151.2 1 1
github.com/Gen-Do/lib-obersvability/logger/logger.go:154.73,156.2 1 1
github.com/Gen-Do/lib-obersvability/logger/logger.go:159.73,161.2 1 0
github.com/Gen-Do/lib-obersvability/logger/logger.go:164.73,166.2 1 0
github.com/Gen-Do/lib-obersvability/logger/middleware.go:15.68,17.14 2 1
github.com/Gen-Do/lib-obersvability/logger/middleware.go:17.14,18.47 1 1
github.com/Gen-Do/lib-obersvability/logger/middleware.go:18.47,20.4 1 1
github.com/Gen-Do/lib-obersvability/logger/middleware.go:23.2,23.46 1 1
github.com/Gen-Do/lib-obersvability/logger/middleware.go:23.46,24.72 1 1
github.com/Gen-Do/lib-obersvability/logger/middleware.go:24.72,26.34 1 1
github.com/Gen-Do/lib-obersvability/logger/middleware.go:26.34,29.5 2 1
github.com/Gen-Do/lib-obersvability/logger/middleware.go:31.4,64.11 10 1
github.com/Gen-Do/lib-obersvability/logger/middleware.go:65.54,66.66 1 1
github.com/Gen-Do/lib-obersvability/logger/middleware.go:67.45,68.65 1 1
github.com/Gen-Do/lib-obersvability/logger/middleware.go:69.12,70.47 1 1
github.com/Gen-Do/lib-obersvability/logger/middleware.go:77.73,78.46 1 1
github.com/Gen-Do/lib-obersvability/logger/middleware.go:78.46,79.72 1 1
github.com/Gen-Do/lib-obersvability/logger/middleware.go:79.72,80.17 1 1
github.com/Gen-Do/lib-obersvability/logger/middleware.go:80.17,81.37 1 1
github.com/Gen-Do/lib-obersvability/logger/middleware.go:81.37,98.6 4 1
github.com/Gen-Do/lib-obersvability/logger/middleware.go:101.4,101.24 1 1
github.com/Gen-Do/lib-obersvability/logger/middleware.go:108.47,109.54 1 1
github.com/Gen-Do/lib-obersvability/logger/middleware.go:109.54,111.3 1 1
github.com/Gen-Do/lib-obersvability/logger/middleware.go:113.2,113.55 1 1
github.com/Gen-Do/lib-obersvability/logger/middleware.go:113.55,115.3 1 1
github.com/Gen-Do/lib-obersvability/logger/middleware.go:116.2,116.57 1 1
github.com/Gen-Do/lib-obersvability/logger/middleware.go:116.57,118.3 1 1
github.com/Gen-Do/lib-obersvability/logger/middleware.go:119.2,119.11 1 1
github.com/Gen-Do/lib-obersvability/logger/middleware.go:123.39,134.37 2 1
github.com/Gen-Do/lib-obersvability/logger/middleware.go:134.37,135.40 1 1
github.com/Gen-Do/lib-obersvability/logger/middleware.go:135.40,137.4 1 1
github.com/Gen-Do/lib-obersvability/logger/middleware.go:140.2,140.14 1 1
github.com/Gen-Do/lib-obersvability/tracing/helpers.go:14.126,19.16 4 1
github.com/Gen-Do/lib-obersvability/tracing/helpers.go:19.16,22.3 2 1
github.com/Gen-Do/lib-obersvability/tracing/helpers.go:22.8,24.3 1 1
github.com/Gen-Do/lib-obersvability/tracing/helpers.go:26.2,26.12 1 1
github.com/Gen-Do/lib-obersvability/tracing/helpers.go:30.74,32.24 2 1
github.com/Gen-Do/lib-obersvability/tracing/helpers.go:32.24,34.3 1 1
github.com/Gen-Do/lib-obersvability/tracing/helpers.go:38.82,40.24 2 0
github.com/Gen-Do/lib-obersvability/tracing/helpers.go:40.24,42.3 1 0
github.com/Gen-Do/lib-obersvability/tracing/helpers.go:46.50,48.38 2 0
github.com/Gen-Do/lib-obersvability/tracing/helpers.go:48.38,51.3 2 0
github.com/Gen-Do/lib-obersvability/tracing/helpers.go:55.78,57.24 2 0
github.com/Gen-Do/lib-obersvability/tracing/helpers.go:57.24,59.3 1 0
github.com/Gen-Do/lib-obersvability/tracing/helpers.go:63.45,65.34 2 0
github.com/Gen-Do/lib-obersvability/tracing/helpers.go:65.34,67.3 1 0
github.com/Gen-Do/lib-obersvability/tracing/helpers.go:68.2,68.11 1 0
github.com/Gen-Do/lib-obersvability/tracing/helpers.go:72.44,74.34 2 0
github.com/Gen-Do/lib-obersvability/tracing/helpers.go:74.34,76.3 1 0
github.com/Gen-Do/lib-obersvability/tracing/helpers.go:77.2,77.11 1 0
github.com/Gen-Do/lib-obersvability/tracing/helpers.go:81.54,83.2 1 0
github.com/Gen-Do/lib-obersvability/tracing/helpers.go:94.104,96.2 1 1
github.com/Gen-Do/lib-obersvability/tracing/helpers.go:107.100,109.2 1 1
github.com/Gen-Do/lib-obersvability/tracing/helpers.go:112.94,113.67 1 1
github.com/Gen-Do/lib-obersvability/tracing/helpers.go:113.67,119.3 2 1
github.com/Gen-Do/lib-obersvability/tracing/helpers.go:123.105,125.65 2 0
github.com/Gen-Do/lib-obersvability/tracing/helpers.go:125.65,132.3 2 0
github.com/Gen-Do/lib-obersvability/tracing/middleware.go:18.55,20.14 2 1
github.com/Gen-Do/lib-obersvability/tracing/middleware.go:20.14,21.47 1 1
github.com/Gen-Do/lib-obersvability/tracing/middleware.go:21.47,23.4 1 1
github.com/Gen-Do/lib-obersvability/tracing/middleware.go:26.2,26.46 1 1
github.com/Gen-Do/lib-obersvability/tracing/middleware.go:26.46,27.72 1 1
github.com/Gen-Do/lib-obersvability/tracing/middleware.go:27.72,29.34 1 1
github.com/Gen-Do/lib-obersvability/tracing/middleware.go:29.34,32.5 2 0
github.com/Gen-Do/lib-obersvability/tracing/middleware.go:35.4,69.25 9 1
github.com/Gen-Do/lib-obersvability/tracing/middleware.go:69.25,71.5 1 1
github.com/Gen-Do/lib-obersvability/tracing/middleware.go:71.10,73.5 1 1
github.com/Gen-Do/lib-obersvability/tracing/middleware.go:76.4,76.54 1 1
github.com/Gen-Do/lib-obersvability/tracing/middleware.go:76.54,78.5 1 0
github.com/Gen-Do/lib-obersvability/tracing/middleware.go:84.39,95.37 2 1
github.com/Gen-Do/lib-obersvability/tracing/middleware.go:95.37,96.40 1 1
github.com/Gen-Do/lib-obersvability/tracing/middleware.go:96.40,98.4 1 0
github.com/Gen-Do/lib-obersvability/tracing/middleware.go:101.2,101.14 1 1
github.com/Gen-Do/lib-obersvability/tracing/middleware.go:105.47,107.33 2 1
github.com/Gen-Do/lib-obersvability/tracing/middleware.go:107.33,109.3 1 1
github.com/Gen-Do/lib-obersvability/tracing/middleware.go:110.2,110.36 1 0
github.com/Gen-Do/lib-obersvability/tracing/middleware.go:114.43,116.72 1 1
github.com/Gen-Do/lib-obersvability/tracing/middleware.go:116.72,117.70 1 0
github.com/Gen-Do/lib-obersvability/tracing/middleware.go:117.70,119.4 1 0
github.com/Gen-Do/lib-obersvability/tracing/middleware.go:123.2,124.16 2 1
github.com/Gen-Do/lib-obersvability/tracing/middleware.go:124.16,126.3 1 0
github.com/Gen-Do/lib-obersvability/tracing/middleware.go:127.2,127.13 1 1
github.com/Gen-Do/lib-obersvability/tracing/tracing.go:29.18,31.14 2 1
github.com/Gen-Do/lib-obersvability/tracing/tracing.go:31.14,36.3 3 1
github.com/Gen-Do/lib-obersvability/tracing/tracing.go:38.2,39.23 2 1
github.com/Gen-Do/lib-obersvability/tracing/tracing.go:39.23,41.3 1 0
github.com/Gen-Do/lib-obersvability/tracing/tracing.go:43.2,54.16 4 1
github.com/Gen-Do/lib-obersvability/tracing/tracing.go:54.16,56.3 1 0
github.com/Gen-Do/lib-obersvability/tracing/tracing.go:59.2,60.16 2 1
github.com/Gen-Do/lib-obersvability/tracing/tracing.go:60.16,62.3 1 0
github.com/Gen-Do/lib-obersvability/tracing/tracing.go:65.2,87.12 7 1
github.com/Gen-Do/lib-obersvability/tracing/tracing.go:91.54,93.20 2 1
github.com/Gen-Do/lib-obersvability/tracing/tracing.go:93.20,96.3 1 1
github.com/Gen-Do/lib-obersvability/tracing/tracing.go:99.2,102.3 1 1
github.com/Gen-Do/lib-obersvability/tracing/tracing.go:106.60,110.2 1 1
github.com/Gen-Do/lib-obersvability/tracing/tracing.go:115.94,117.2 1 0
github.com/Gen-Do/lib-obersvability/tracing/tracing.go:119.60,121.2 1 0
github.com/Gen-Do/lib-obersvability/tracing/tracing.go:124.31,125.19 1 1
github.com/Gen-Do/lib-obersvability/tracing/tracing.go:125.19,128.3 1 0
github.com/Gen-Do/lib-obersvability/tracing/tracing.go:129.2,129.15 1 1
github.com/Gen-Do/lib-obersvability/tracing/tracing.go:133.115,135.2 1 1
github.com/Gen-Do/lib-obersvability/tracing/tracing.go:138.42,139.27 1 0
github.com/Gen-Do/lib-obersvability/tracing/tracing.go:139.27,141.3 1 0
github.com/Gen-Do/lib-obersvability/tracing/tracing.go:142.2,142.12 1 0
github.com/Gen-Do/lib-obersvability/metrics/metrics.go:29.21,37.14 3 1
github.com/Gen-Do/lib-obersvability/metrics/metrics.go:37.14,39.3 1 1
github.com/Gen-Do/lib-obersvability/metrics/metrics.go:42.2,45.10 3 1
github.com/Gen-Do/lib-obersvability/metrics/metrics.go:49.37,50.16 1 1
github.com/Gen-Do/lib-obersvability/metrics/metrics.go:50.16,52.3 1 0
github.com/Gen-Do/lib-obersvability/metrics/metrics.go:55.2,83.41 5 1
github.com/Gen-Do/lib-obersvability/metrics/metrics.go:87.54,89.2 1 1
github.com/Gen-Do/lib-obersvability/metrics/metrics.go:92.42,93.16 1 1
github.com/Gen-Do/lib-obersvability/metrics/metrics.go:93.16,94.72 1 1
github.com/Gen-Do/lib-obersvability/metrics/metrics.go:94.72,96.4 1 1
github.com/Gen-Do/lib-obersvability/metrics/metrics.go:98.2,98.64 1 1
github.com/Gen-Do/lib-obersvability/metrics/metrics.go:102.64,103.16 1 1
github.com/Gen-Do/lib-obersvability/metrics/metrics.go:103.16,104.47 1 1
github.com/Gen-Do/lib-obersvability/metrics/metrics.go:104.47,106.4 1 1
github.com/Gen-Do/lib-obersvability/metrics/metrics.go:109.2,109.46 1 1
github.com/Gen-Do/lib-obersvability/metrics/metrics.go:109.46,110.72 1 1
github.com/Gen-Do/lib-obersvability/metrics/metrics.go:110.72,116.36 2 1
github.com/Gen-Do/lib-obersvability/metrics/metrics.go:116.36,119.5 2 1
github.com/Gen-Do/lib-obersvability/metrics/metrics.go:121.4,140.80 8 1
github.com/Gen-Do/lib-obersvability/metrics/metrics.go:146.52,157.37 2 1
github.com/Gen-Do/lib-obersvability/metrics/metrics.go:157.37,158.40 1 1
github.com/Gen-Do/lib-obersvability/metrics/metrics.go:158.40,160.4 1 1
github.com/Gen-Do/lib-obersvability/metrics/metrics.go:163.2,163.14 1 1
github.com/Gen-Do/lib-obersvability/metrics/metrics.go:167.56,170.16 2 1
github.com/Gen-Do/lib-obersvability/metrics/metrics.go:170.16,172.3 1 0
github.com/Gen-Do/lib-obersvability/metrics/metrics.go:173.2,173.13 1 1
